<?xml version="1.0" encoding="UTF-8"?>
<!-- Generated by org.testng.reporters.JUnitReportReporter -->
<testsuite hostname="AartiRaj" failures="0" tests="2" name="testng.annotations_example" time="0.012" errors="0" timestamp="2025-06-07T22:29:21 IST" skipped="0">
  <testcase classname="testng.annotations_example" name="test2" time="0.003"/>
  <testcase classname="testng.annotations_example" name="test1" time="0.009"/>
</testsuite> <!-- testng.annotations_example -->
