<?xml version="1.0" encoding="UTF-8"?>
<!-- Generated by org.testng.reporters.JUnitReportReporter -->
<testsuite hostname="AartiRaj" failures="0" tests="1" name="testng.Annotations_example2" time="0.005" errors="0" timestamp="2025-05-28T23:50:15 IST" skipped="0">
  <testcase classname="testng.Annotations_example2" name="test4" time="0.005"/>
</testsuite> <!-- testng.Annotations_example2 -->
