<?xml version="1.0" encoding="UTF-8"?>
<!-- Generated by org.testng.reporters.JUnitReportReporter -->
<testsuite hostname="AartiRaj" failures="0" tests="3" name="swaglab_test.login_test" time="10.285" errors="0" timestamp="2025-06-14T13:20:41 IST" skipped="0">
  <testcase classname="swaglab_test.login_test" name="LockedUserLoginFailureTest" time="5.279"/>
  <testcase classname="swaglab_test.login_test" name="LoginSucessTest" time="2.450"/>
  <testcase classname="swaglab_test.login_test" name="LoginFailureTest" time="2.556"/>
</testsuite> <!-- swaglab_test.login_test -->
