<?xml version="1.0" encoding="UTF-8"?>
<!-- Generated by org.testng.reporters.JUnitReportReporter -->
<testsuite hostname="AartiRaj" failures="0" tests="1" name="swaglab_test.ProductsTest" time="3.799" errors="0" timestamp="2025-06-07T23:40:23 IST" skipped="0">
  <testcase classname="swaglab_test.ProductsTest" name="AddtoCartTest" time="3.799"/>
</testsuite> <!-- swaglab_test.ProductsTest -->
