<?xml version="1.0" encoding="UTF-8"?>
<!-- Generated by org.testng.reporters.JUnitReportReporter -->
<testsuite hostname="AartiRaj" failures="0" tests="3" name="swaglab_test.login_test" time="10.240" errors="0" timestamp="2025-06-07T23:35:02 IST" skipped="0">
  <testcase classname="swaglab_test.login_test" name="LoginSucessTest" time="4.510"/>
  <testcase classname="swaglab_test.login_test" name="LockedUserLoginFailureTest" time="2.916"/>
  <testcase classname="swaglab_test.login_test" name="LoginFailureTest" time="2.814"/>
</testsuite> <!-- swaglab_test.login_test -->
