<?xml version="1.0" encoding="UTF-8"?>
<!-- Generated by org.testng.reporters.JUnitReportReporter -->
<testsuite hostname="AartiRaj" failures="0" tests="3" name="swaglab_test.login_test" time="16.415" errors="0" timestamp="2025-06-24T00:57:47 IST" skipped="0">
  <testcase classname="swaglab_test.login_test" name="LoginSucessTest" time="8.666"/>
  <testcase classname="swaglab_test.login_test" name="LockedUserLoginFailureTest" time="3.113"/>
  <testcase classname="swaglab_test.login_test" name="LoginFailureTest" time="4.636"/>
</testsuite> <!-- swaglab_test.login_test -->
