<?xml version="1.0" encoding="UTF-8"?>
<!-- Generated by org.testng.reporters.JUnitReportReporter -->
<testsuite hostname="AartiRaj" failures="0" tests="3" name="swaglab_test.login_test" time="11.172" errors="0" timestamp="2025-06-21T12:02:02 IST" skipped="0">
  <testcase classname="swaglab_test.login_test" name="LoginSucessTest" time="3.736"/>
  <testcase classname="swaglab_test.login_test" name="LockedUserLoginFailureTest" time="2.738"/>
  <testcase classname="swaglab_test.login_test" name="LoginFailureTest" time="4.698"/>
</testsuite> <!-- swaglab_test.login_test -->
